Arguments: 
  H:\Program Files\nodejs\node.exe H:\Program Files (x86)\Yarn\bin\yarn.js

PATH: 
  C:\Windows\system32;C:\Windows;C:\Windows\System32\Wbem;C:\Windows\System32\WindowsPowerShell\v1.0\;C:\Windows\System32\OpenSSH\;H:\Program Files\nodejs\;h:\Program Files\Git\cmd;H:\Program Files (x86)\Yarn\bin\;F:\ios-webkit-debug-proxy-win32;C:\Users\Administrator\.windows-build-tools\python27\;H:\Program Files\nodejs\node_modules\npm\node_modules\npm-lifecycle\node-gyp-bin;C:\Users\Administrator\AppData\Roaming\npm\node_modules\windows-build-tools\node_modules\.bin;C:\Users\Administrator\AppData\Roaming\npm\node_modules\.bin;C:\Windows\system32;C:\Windows;C:\Windows\System32\Wbem;C:\Windows\System32\WindowsPowerShell\v1.0\;C:\Windows\System32\OpenSSH\;H:\Program Files\nodejs\;h:\Program Files\Git\cmd;C:\Users\Administrator\AppData\Local\Microsoft\WindowsApps;C:\Users\Administrator\AppData\Roaming\npm;h:\Programs\Microsoft VS Code\bin;C:\Users\Administrator\AppData\Local\Yarn\bin

Yarn version: 
  1.13.0

Node version: 
  10.15.0

Platform: 
  win32 x64

Trace: 
  Error: ENOENT: no such file or directory, copyfile 'C:\Users\Administrator\AppData\Local\Yarn\Cache\v4\npm-inherits-2.0.1-b17d08d326b4423e568eff719f91b0b1cbdf69f1\node_modules\inherits\LICENSE' -> 'H:\work\webpack\webpack-demo\node_modules\assert\node_modules\inherits\LICENSE'

npm manifest: 
  {
    "name": "webpack-demo",
    "version": "1.0.0",
    "main": "index.js",
    "repository": "https://github.com/mf950511/webpack-demo.git",
    "author": "mf950511 <1099693871@qq.com>",
    "license": "MIT",
    "devDependencies": {
      "webpack": "^4.32.0",
      "lodash": "^4.17.11"
    }
  }

yarn manifest: 
  No manifest

Lockfile: 
  No lockfile
